Start loading the data....
Start loading the EmotionTalk data....
# Train samples = 5649
# Valid samples = 840
# Test samples = 793
=== Epoch 1 ===
[WARN] Bad audio file
[WARN] Bad audio file
[WARN] Bad audio file
[WARN] Bad audio file
[WARN] Bad audio file
[WARN] Bad audio file
[WARN] Bad audio file
[WARN] Bad audio file
[WARN] Bad audio file
[WARN] Bad audio file
[WARN] Bad audio file
[WARN] Bad audio file
[WARN] Bad audio file
[WARN] Bad audio file
[WARN] Bad audio file
[WARN] Bad audio file
[WARN] Bad audio file
[WARN] Bad audio file
[WARN] Bad audio file
[WARN] Bad audio file
[WARN] Bad audio file
[WARN] Bad audio file
[WARN] Bad audio file
[WARN] Bad audio file
[WARN] Bad audio file
[WARN] Bad audio file
[WARN] Bad audio file
[WARN] Bad audio file
[WARN] Bad audio file
[WARN] Bad audio file
[WARN] Bad audio file
[WARN] Bad audio file
[WARN] Bad audio file
[WARN] Bad audio file
[WARN] Bad audio file
[WARN] Bad audio file
[WARN] Bad audio file
[WARN] Bad audio file
[WARN] Bad audio file
phase (acc)    angry    disgusted    fearful    happy    neutral    sad    surprised    average
Train           0.5378 ↑    0.3870 ↑    0.0497 ↑    0.2087 ↑    0.2917 ↑    0.1623 ↑    0.3215 ↑    0.2798 ↑   
phase (recall)    angry    disgusted    fearful    happy    neutral    sad    surprised    average
Train           0.5786 ↑    0.6953 ↑    1.0000 ↑    0.9966 ↑    1.0000 ↑    0.9072 ↑    0.7769 ↑    0.8506 ↑   
phase (precision)    angry    disgusted    fearful    happy    neutral    sad    surprised    average
Train           0.2237 ↑    0.1013 ↑    0.0497 ↑    0.2059 ↑    0.2917 ↑    0.0606 ↑    0.1143 ↑    0.1496 ↑   
phase (f1)    angry    disgusted    fearful    happy    neutral    sad    surprised    average
Train           0.3227 ↑    0.1768 ↑    0.0948 ↑    0.3413 ↑    0.4517 ↑    0.1135 ↑    0.1993 ↑    0.2429 ↑   
phase (auc)    angry    disgusted    fearful    happy    neutral    sad    surprised    average
Train           0.5696 ↑    0.5396 ↑    0.4870 ↑    0.5053 ↑    0.5339 ↑    0.5350 ↑    0.5409 ↑    0.5302 ↑   
phase (acc)    angry    disgusted    fearful    happy    neutral    sad    surprised    average
Valid           0.2226 ↑    0.0226 ↑    0.0583 ↑    0.1964 ↑    0.3238 ↑    0.1155 ↑    0.6298 ↑    0.2241 ↑   
phase (recall)    angry    disgusted    fearful    happy    neutral    sad    surprised    average
Valid           1.0000 ↑    1.0000 ↑    1.0000 ↑    1.0000 ↑    1.0000 ↑    1.0000 ↑    0.4118 ↑    0.9160 ↑   
phase (precision)    angry    disgusted    fearful    happy    neutral    sad    surprised    average
Valid           0.2226 ↑    0.0226 ↑    0.0583 ↑    0.1964 ↑    0.3238 ↑    0.1155 ↑    0.0695 ↑    0.1441 ↑   
phase (f1)    angry    disgusted    fearful    happy    neutral    sad    surprised    average
Valid           0.3642 ↑    0.0442 ↑    0.1102 ↑    0.3284 ↑    0.4892 ↑    0.2070 ↑    0.1190 ↑    0.2375 ↑   
phase (auc)    angry    disgusted    fearful    happy    neutral    sad    surprised    average
Valid           0.5893 ↑    0.3681 ↑    0.4005 ↑    0.5085 ↑    0.6314 ↑    0.5702 ↑    0.4739 ↑    0.5060 ↑   
phase (acc)    angry    disgusted    fearful    happy    neutral    sad    surprised    average
Test            0.2585 ↑    0.0845 ↑    0.0782 ↑    0.1337 ↑    0.2749 ↑    0.0479 ↑    0.5246 ↑    0.2003 ↑   
phase (recall)    angry    disgusted    fearful    happy    neutral    sad    surprised    average
Test            0.9891 ↑    1.0000 ↑    1.0000 ↑    1.0000 ↑    1.0000 ↑    1.0000 ↑    0.7203 ↑    0.9585 ↑   
phase (precision)    angry    disgusted    fearful    happy    neutral    sad    surprised    average
Test            0.2370 ↑    0.0845 ↑    0.0782 ↑    0.1337 ↑    0.2749 ↑    0.0479 ↑    0.1981 ↑    0.1506 ↑   
phase (f1)    angry    disgusted    fearful    happy    neutral    sad    surprised    average
Test            0.3824 ↑    0.1558 ↑    0.1450 ↑    0.2358 ↑    0.4313 ↑    0.0915 ↑    0.3108 ↑    0.2504 ↑   
phase (auc)    angry    disgusted    fearful    happy    neutral    sad    surprised    average
Test            0.6841 ↑    0.4492 ↑    0.3633 ↑    0.5178 ↑    0.6433 ↑    0.4651 ↑    0.6174 ↑    0.5343 ↑   
Train thresholds:  [0.65 0.6  0.05 0.6  0.05 0.55 0.6 ]
Valid thresholds:  [0.05 0.05 0.05 0.05 0.05 0.05 0.65]
Saved best model to: ./savings/models/emotiontalk_mme2e_a_best_epoch1.pt
=== Best performance ===
Best epoch: 1
Best test average f1: 0.250359
Total time usage = 0.07 hours.
