Start loading the data....
Start loading the EmotionTalk data....
# Train samples = 5649
# Valid samples = 840
# Test samples = 793
=== Epoch 1 ===
[WARN] Bad audio file
[WARN] Bad audio file
[WARN] Bad audio file
[WARN] Bad audio file
[WARN] Bad audio file
[WARN] Bad audio file
[WARN] Bad audio file
[WARN] Bad audio file
[WARN] Bad audio file
[WARN] Bad audio file
[WARN] Bad audio file
[WARN] Bad audio file
[WARN] Bad audio file
[WARN] Bad audio file
[WARN] Bad audio file
[WARN] Bad audio file
[WARN] Bad audio file
[WARN] Bad audio file
[WARN] Bad audio file
[WARN] Bad audio file
[WARN] Bad audio file
[WARN] Bad audio file
[WARN] Bad audio file
[WARN] Bad audio file
[WARN] Bad audio file
[WARN] Bad audio file
[WARN] Bad audio file
[WARN] Bad audio file
[WARN] Bad audio file
[WARN] Bad audio file
[WARN] Bad audio file
[WARN] Bad audio file
[WARN] Bad audio file
[WARN] Bad audio file
[WARN] Bad audio file
[WARN] Bad audio file
[WARN] Bad audio file
[WARN] Bad audio file
[WARN] Bad audio file
phase (acc)    angry    disgusted    fearful    happy    neutral    sad    surprised    average
Train           0.8506 ↑    0.7938 ↑    0.9379 ↑    0.6173 ↑    0.3857 ↑    0.9117 ↑    0.7890 ↑    0.7551 ↑   
phase (recall)    angry    disgusted    fearful    happy    neutral    sad    surprised    average
Train           0.4893 ↑    0.4710 ↑    0.3986 ↑    0.7625 ↑    0.9211 ↑    0.4551 ↑    0.4967 ↑    0.5706 ↑   
phase (precision)    angry    disgusted    fearful    happy    neutral    sad    surprised    average
Train           0.6407 ↑    0.2222 ↑    0.3810 ↑    0.3196 ↑    0.3125 ↑    0.3241 ↑    0.2567 ↑    0.3510 ↑   
phase (f1)    angry    disgusted    fearful    happy    neutral    sad    surprised    average
Train           0.5549 ↑    0.3020 ↑    0.3896 ↑    0.4504 ↑    0.4666 ↑    0.3786 ↑    0.3385 ↑    0.4115 ↑   
phase (auc)    angry    disgusted    fearful    happy    neutral    sad    surprised    average
Train           0.8390 ↑    0.7207 ↑    0.8070 ↑    0.7589 ↑    0.6465 ↑    0.8311 ↑    0.7143 ↑    0.7596 ↑   
phase (acc)    angry    disgusted    fearful    happy    neutral    sad    surprised    average
Valid           0.8048 ↑    0.8167 ↑    0.8798 ↑    0.6167 ↑    0.5143 ↑    0.8524 ↑    0.9202 ↑    0.7721 ↑   
phase (recall)    angry    disgusted    fearful    happy    neutral    sad    surprised    average
Valid           0.7861 ↑    0.5789 ↑    0.5306 ↑    0.8788 ↑    0.8676 ↑    0.6392 ↑    0.4706 ↑    0.6788 ↑   
phase (precision)    angry    disgusted    fearful    happy    neutral    sad    surprised    average
Valid           0.5424 ↑    0.0701 ↑    0.2500 ↑    0.3244 ↑    0.3882 ↑    0.4106 ↑    0.3750 ↑    0.3372 ↑   
phase (f1)    angry    disgusted    fearful    happy    neutral    sad    surprised    average
Valid           0.6419 ↑    0.1250 ↑    0.3399 ↑    0.4739 ↑    0.5364 ↑    0.5000 ↑    0.4174 ↑    0.4335 ↑   
phase (auc)    angry    disgusted    fearful    happy    neutral    sad    surprised    average
Valid           0.8750 ↑    0.8292 ↑    0.8414 ↑    0.7953 ↑    0.7033 ↑    0.8642 ↑    0.8644 ↑    0.8247 ↑   
phase (acc)    angry    disgusted    fearful    happy    neutral    sad    surprised    average
Test            0.6759 ↑    0.7440 ↑    0.7881 ↑    0.8449 ↑    0.4893 ↑    0.9395 ↑    0.8537 ↑    0.7622 ↑   
phase (recall)    angry    disgusted    fearful    happy    neutral    sad    surprised    average
Test            0.7935 ↑    0.6567 ↑    0.6935 ↑    0.4906 ↑    0.8945 ↑    0.4737 ↑    0.3729 ↑    0.6251 ↑   
phase (precision)    angry    disgusted    fearful    happy    neutral    sad    surprised    average
Test            0.4000 ↑    0.1964 ↑    0.2240 ↑    0.4298 ↑    0.3380 ↑    0.3913 ↑    0.5116 ↑    0.3559 ↑   
phase (f1)    angry    disgusted    fearful    happy    neutral    sad    surprised    average
Test            0.5319 ↑    0.3024 ↑    0.3386 ↑    0.4581 ↑    0.4906 ↑    0.4286 ↑    0.4314 ↑    0.4259 ↑   
phase (auc)    angry    disgusted    fearful    happy    neutral    sad    surprised    average
Test            0.7962 ↑    0.7528 ↑    0.8063 ↑    0.8481 ↑    0.7229 ↑    0.8536 ↑    0.7900 ↑    0.7957 ↑   
Train thresholds:  [0.7  0.65 0.65 0.65 0.65 0.65 0.65]
Valid thresholds:  [0.65 0.65 0.65 0.65 0.65 0.65 0.7 ]
Saved best model to: ./savings/models/emotiontalk_mme2e_t_best_epoch1.pt
=== Best performance ===
Best epoch: 1
Best test average f1: 0.425932
Total time usage = 0.08 hours.
