Start loading the data....
Start loading the EmotionTalk data....
# Train samples = 5610
# Valid samples = 840
# Test samples = 793
=== Epoch 1 ===
phase (acc)    angry    disgusted    fearful    happy    neutral    sad    surprised    average
Train           0.6774 ↑    0.3968 ↑    0.1658 ↑    0.2070 ↑    0.4531 ↑    0.8722 ↑    0.3193 ↑    0.4416 ↑   
phase (recall)    angry    disgusted    fearful    happy    neutral    sad    surprised    average
Train           0.5247 ↑    0.7514 ↑    0.9571 ↑    1.0000 ↑    0.8862 ↑    0.3293 ↑    0.8725 ↑    0.7602 ↑   
phase (precision)    angry    disgusted    fearful    happy    neutral    sad    surprised    average
Train           0.3022 ↑    0.1078 ↑    0.0543 ↑    0.2070 ↑    0.3346 ↑    0.1824 ↑    0.1234 ↑    0.1874 ↑   
phase (f1)    angry    disgusted    fearful    happy    neutral    sad    surprised    average
Train           0.3835 ↑    0.1885 ↑    0.1028 ↑    0.3429 ↑    0.4858 ↑    0.2348 ↑    0.2163 ↑    0.2792 ↑   
phase (auc)    angry    disgusted    fearful    happy    neutral    sad    surprised    average
Train           0.6670 ↑    0.5644 ↑    0.6243 ↑    0.5535 ↑    0.6529 ↑    0.7466 ↑    0.6263 ↑    0.6336 ↑   
phase (acc)    angry    disgusted    fearful    happy    neutral    sad    surprised    average
Valid           0.5238 ↑    0.0226 ↑    0.9226 ↑    0.1964 ↑    0.6321 ↑    0.8488 ↑    0.3631 ↑    0.5014 ↑   
phase (recall)    angry    disgusted    fearful    happy    neutral    sad    surprised    average
Valid           0.7754 ↑    1.0000 ↑    0.3061 ↑    1.0000 ↑    0.8235 ↑    0.2371 ↑    0.9020 ↑    0.7206 ↑   
phase (precision)    angry    disgusted    fearful    happy    neutral    sad    surprised    average
Valid           0.2883 ↑    0.0226 ↑    0.3261 ↑    0.1964 ↑    0.4619 ↑    0.3026 ↑    0.0799 ↑    0.2397 ↑   
phase (f1)    angry    disgusted    fearful    happy    neutral    sad    surprised    average
Valid           0.4203 ↑    0.0442 ↑    0.3158 ↑    0.3284 ↑    0.5918 ↑    0.2659 ↑    0.1467 ↑    0.3019 ↑   
phase (auc)    angry    disgusted    fearful    happy    neutral    sad    surprised    average
Valid           0.6865 ↑    0.5373 ↑    0.7580 ↑    0.5754 ↑    0.7196 ↑    0.6720 ↑    0.6381 ↑    0.6553 ↑   
phase (acc)    angry    disgusted    fearful    happy    neutral    sad    surprised    average
Test            0.6368 ↑    0.2232 ↑    0.9054 ↑    0.1337 ↑    0.5876 ↑    0.9369 ↑    0.3380 ↑    0.5374 ↑   
phase (recall)    angry    disgusted    fearful    happy    neutral    sad    surprised    average
Test            0.7609 ↑    0.9254 ↑    0.1129 ↑    1.0000 ↑    0.7890 ↑    0.2105 ↑    0.9237 ↑    0.6746 ↑   
phase (precision)    angry    disgusted    fearful    happy    neutral    sad    surprised    average
Test            0.3646 ↑    0.0921 ↑    0.2593 ↑    0.1337 ↑    0.3797 ↑    0.2857 ↑    0.1744 ↑    0.2413 ↑   
phase (f1)    angry    disgusted    fearful    happy    neutral    sad    surprised    average
Test            0.4930 ↑    0.1676 ↑    0.1573 ↑    0.2358 ↑    0.5127 ↑    0.2424 ↑    0.2934 ↑    0.3003 ↑   
phase (auc)    angry    disgusted    fearful    happy    neutral    sad    surprised    average
Test            0.7443 ↑    0.6282 ↑    0.7323 ↑    0.4706 ↑    0.7039 ↑    0.6022 ↑    0.6484 ↑    0.6471 ↑   
Train thresholds:  [0.65 0.6  0.55 0.05 0.65 0.6  0.6 ]
Valid thresholds:  [0.65 0.05 0.6  0.05 0.65 0.6  0.6 ]
Saved best model to: ./savings/models/emotiontalk_mme2e_a_best_epoch1.pt
=== Best performance ===
Best epoch: 1
Best test average f1: 0.300306
Total time usage = 0.08 hours.
