Start loading the data....
Start loading the EmotionTalk data....
# Train samples = 5649
# Valid samples = 840
# Test samples = 793
=== Epoch 1 ===
[WARN] Bad audio: ./data/EMOTIONTALK_RAW_PROCESSED/G00007_02_11_006/audio.wav
phase (acc)    angry    disgusted    fearful    happy    neutral    sad    surprised    average
Train           0.1919 ↑    0.2693 ↑    0.0497 ↑    0.2066 ↑    0.3390 ↑    0.0997 ↑    0.1133 ↑    0.1813 ↑   
phase (recall)    angry    disgusted    fearful    happy    neutral    sad    surprised    average
Train           0.9981 ↑    0.8206 ↑    1.0000 ↑    0.9991 ↑    0.9442 ↑    0.9641 ↑    1.0000 ↑    0.9609 ↑   
phase (precision)    angry    disgusted    fearful    happy    neutral    sad    surprised    average
Train           0.1904 ↑    0.0982 ↑    0.0497 ↑    0.2058 ↑    0.2993 ↑    0.0597 ↑    0.1092 ↑    0.1446 ↑   
phase (f1)    angry    disgusted    fearful    happy    neutral    sad    surprised    average
Train           0.3198 ↑    0.1754 ↑    0.0948 ↑    0.3413 ↑    0.4546 ↑    0.1124 ↑    0.1969 ↑    0.2422 ↑   
phase (auc)    angry    disgusted    fearful    happy    neutral    sad    surprised    average
Train           0.5306 ↑    0.5229 ↑    0.5079 ↑    0.4949 ↑    0.5413 ↑    0.5183 ↑    0.5363 ↑    0.5218 ↑   
phase (acc)    angry    disgusted    fearful    happy    neutral    sad    surprised    average
Valid           0.2226 ↑    0.0226 ↑    0.0583 ↑    0.1964 ↑    0.3905 ↑    0.1155 ↑    0.0607 ↑    0.1524 ↑   
phase (recall)    angry    disgusted    fearful    happy    neutral    sad    surprised    average
Valid           1.0000 ↑    1.0000 ↑    1.0000 ↑    1.0000 ↑    0.9963 ↑    1.0000 ↑    1.0000 ↑    0.9995 ↑   
phase (precision)    angry    disgusted    fearful    happy    neutral    sad    surprised    average
Valid           0.2226 ↑    0.0226 ↑    0.0583 ↑    0.1964 ↑    0.3465 ↑    0.1155 ↑    0.0607 ↑    0.1461 ↑   
phase (f1)    angry    disgusted    fearful    happy    neutral    sad    surprised    average
Valid           0.3642 ↑    0.0442 ↑    0.1102 ↑    0.3284 ↑    0.5142 ↑    0.2070 ↑    0.1145 ↑    0.2404 ↑   
phase (auc)    angry    disgusted    fearful    happy    neutral    sad    surprised    average
Valid           0.4896 ↑    0.5657 ↑    0.5660 ↑    0.5434 ↑    0.6208 ↑    0.6274 ↑    0.4449 ↑    0.5511 ↑   
phase (acc)    angry    disgusted    fearful    happy    neutral    sad    surprised    average
Test            0.2320 ↑    0.0845 ↑    0.0782 ↑    0.1337 ↑    0.3216 ↑    0.0479 ↑    0.2926 ↑    0.1701 ↑   
phase (recall)    angry    disgusted    fearful    happy    neutral    sad    surprised    average
Test            1.0000 ↑    1.0000 ↑    1.0000 ↑    1.0000 ↑    0.9908 ↑    1.0000 ↑    0.8644 ↑    0.9793 ↑   
phase (precision)    angry    disgusted    fearful    happy    neutral    sad    surprised    average
Test            0.2320 ↑    0.0845 ↑    0.0782 ↑    0.1337 ↑    0.2872 ↑    0.0479 ↑    0.1577 ↑    0.1459 ↑   
phase (f1)    angry    disgusted    fearful    happy    neutral    sad    surprised    average
Test            0.3767 ↑    0.1558 ↑    0.1450 ↑    0.2358 ↑    0.4454 ↑    0.0915 ↑    0.2667 ↑    0.2453 ↑   
phase (auc)    angry    disgusted    fearful    happy    neutral    sad    surprised    average
Test            0.6088 ↑    0.6184 ↑    0.7478 ↑    0.4328 ↑    0.6334 ↑    0.5717 ↑    0.6166 ↑    0.6042 ↑   
Train thresholds:  [0.55 0.6  0.05 0.6  0.65 0.55 0.55]
Valid thresholds:  [0.05 0.05 0.05 0.05 0.65 0.05 0.05]
Saved best model to: ./savings/models/emotiontalk_mme2e_a_best_epoch1.pt
=== Best performance ===
Best epoch: 1
Best test average f1: 0.245258
Total time usage = 0.09 hours.
