Start loading the data....
Start loading the EmotionTalk data....
# Train samples = 5610
# Valid samples = 840
# Test samples = 793
=== Epoch 1 ===
phase (acc)    angry    disgusted    fearful    happy    neutral    sad    surprised    average
Train           0.7658 ↑    0.2273 ↑    0.1918 ↑    0.3447 ↑    0.4071 ↑    0.8380 ↑    0.2761 ↑    0.4358 ↑   
phase (recall)    angry    disgusted    fearful    happy    neutral    sad    surprised    average
Train           0.3840 ↑    0.9044 ↑    0.8750 ↑    0.8958 ↑    0.9107 ↑    0.5868 ↑    0.9023 ↑    0.7799 ↑   
phase (precision)    angry    disgusted    fearful    happy    neutral    sad    surprised    average
Train           0.3869 ↑    0.0994 ↑    0.0516 ↑    0.2263 ↑    0.3189 ↑    0.2027 ↑    0.1199 ↑    0.2008 ↑   
phase (f1)    angry    disgusted    fearful    happy    neutral    sad    surprised    average
Train           0.3854 ↑    0.1791 ↑    0.0975 ↑    0.3614 ↑    0.4724 ↑    0.3013 ↑    0.2116 ↑    0.2870 ↑   
phase (auc)    angry    disgusted    fearful    happy    neutral    sad    surprised    average
Train           0.7081 ↑    0.5940 ↑    0.5641 ↑    0.5794 ↑    0.6117 ↑    0.8109 ↑    0.6303 ↑    0.6426 ↑   
phase (acc)    angry    disgusted    fearful    happy    neutral    sad    surprised    average
Valid           0.7167 ↑    0.1226 ↑    0.2536 ↑    0.3357 ↑    0.5286 ↑    0.7798 ↑    0.3357 ↑    0.4389 ↑   
phase (recall)    angry    disgusted    fearful    happy    neutral    sad    surprised    average
Valid           0.5829 ↑    0.9474 ↑    0.9388 ↑    0.9636 ↑    0.8787 ↑    0.4330 ↑    0.7843 ↑    0.7898 ↑   
phase (precision)    angry    disgusted    fearful    happy    neutral    sad    surprised    average
Valid           0.4052 ↑    0.0239 ↑    0.0687 ↑    0.2236 ↑    0.3970 ↑    0.2442 ↑    0.0681 ↑    0.2044 ↑   
phase (f1)    angry    disgusted    fearful    happy    neutral    sad    surprised    average
Valid           0.4781 ↑    0.0466 ↑    0.1280 ↑    0.3630 ↑    0.5469 ↑    0.3123 ↑    0.1254 ↑    0.2857 ↑   
phase (auc)    angry    disgusted    fearful    happy    neutral    sad    surprised    average
Valid           0.7155 ↑    0.4582 ↑    0.5868 ↑    0.6065 ↑    0.6931 ↑    0.6704 ↑    0.5931 ↑    0.6177 ↑   
phase (acc)    angry    disgusted    fearful    happy    neutral    sad    surprised    average
Test            0.6280 ↑    0.1513 ↑    0.2888 ↑    0.1337 ↑    0.4464 ↑    0.8487 ↑    0.7793 ↑    0.4680 ↑   
phase (recall)    angry    disgusted    fearful    happy    neutral    sad    surprised    average
Test            0.7772 ↑    0.9701 ↑    0.9516 ↑    1.0000 ↑    0.9358 ↑    0.4211 ↑    0.3051 ↑    0.7658 ↑   
phase (precision)    angry    disgusted    fearful    happy    neutral    sad    surprised    average
Test            0.3602 ↑    0.0883 ↑    0.0952 ↑    0.1337 ↑    0.3243 ↑    0.1404 ↑    0.2791 ↑    0.2030 ↑   
phase (f1)    angry    disgusted    fearful    happy    neutral    sad    surprised    average
Test            0.4923 ↑    0.1619 ↑    0.1730 ↑    0.2358 ↑    0.4817 ↑    0.2105 ↑    0.2915 ↑    0.2924 ↑   
phase (auc)    angry    disgusted    fearful    happy    neutral    sad    surprised    average
Test            0.7410 ↑    0.6274 ↑    0.7253 ↑    0.4579 ↑    0.7131 ↑    0.5984 ↑    0.6895 ↑    0.6504 ↑   
Train thresholds:  [0.65 0.6  0.6  0.6  0.6  0.65 0.6 ]
Valid thresholds:  [0.65 0.6  0.6  0.6  0.6  0.6  0.6 ]
Saved best model to: ./savings/models/emotiontalk_mme2e_a_best_epoch1.pt
=== Best performance ===
Best epoch: 1
Best test average f1: 0.292387
Total time usage = 0.09 hours.
