Start loading the data....
Start loading the EmotionTalk data....
# Train samples = 5649
# Valid samples = 840
# Test samples = 793
=== Epoch 1 ===
[WARN] Bad audio file
[WARN] Bad audio file
[WARN] Bad audio file
[WARN] Bad audio file
[WARN] Bad audio file
[WARN] Bad audio file
[WARN] Bad audio file
[WARN] Bad audio file
[WARN] Bad audio file
[WARN] Bad audio file
[WARN] Bad audio file
[WARN] Bad audio file
[WARN] Bad audio file
[WARN] Bad audio file
[WARN] Bad audio file
[WARN] Bad audio file
[WARN] Bad audio file
[WARN] Bad audio file
[WARN] Bad audio file
[WARN] Bad audio file
[WARN] Bad audio file
[WARN] Bad audio file
[WARN] Bad audio file
[WARN] Bad audio file
[WARN] Bad audio file
[WARN] Bad audio file
[WARN] Bad audio file
[WARN] Bad audio file
[WARN] Bad audio file
[WARN] Bad audio file
[WARN] Bad audio file
[WARN] Bad audio file
[WARN] Bad audio file
[WARN] Bad audio file
[WARN] Bad audio file
[WARN] Bad audio file
[WARN] Bad audio file
[WARN] Bad audio file
[WARN] Bad audio file
phase (acc)    angry    disgusted    fearful    happy    neutral    sad    surprised    average
Train           0.8350 ↑    0.7577 ↑    0.9251 ↑    0.8065 ↑    0.3330 ↑    0.8977 ↑    0.7107 ↑    0.7522 ↑   
phase (recall)    angry    disgusted    fearful    happy    neutral    sad    surprised    average
Train           0.4921 ↑    0.5720 ↑    0.4698 ↑    0.4269 ↑    0.9703 ↑    0.5299 ↑    0.6270 ↑    0.5840 ↑   
phase (precision)    angry    disgusted    fearful    happy    neutral    sad    surprised    average
Train           0.5781 ↑    0.2116 ↑    0.3251 ↑    0.5374 ↑    0.3007 ↑    0.2960 ↑    0.2151 ↑    0.3520 ↑   
phase (f1)    angry    disgusted    fearful    happy    neutral    sad    surprised    average
Train           0.5317 ↑    0.3089 ↑    0.3843 ↑    0.4758 ↑    0.4591 ↑    0.3798 ↑    0.3203 ↑    0.4086 ↑   
phase (auc)    angry    disgusted    fearful    happy    neutral    sad    surprised    average
Train           0.8368 ↑    0.7429 ↑    0.8069 ↑    0.7579 ↑    0.6458 ↑    0.8441 ↑    0.7217 ↑    0.7651 ↑   
phase (acc)    angry    disgusted    fearful    happy    neutral    sad    surprised    average
Valid           0.8452 ↑    0.9679 ↑    0.8905 ↑    0.6952 ↑    0.6976 ↑    0.8833 ↑    0.9060 ↑    0.8408 ↑   
phase (recall)    angry    disgusted    fearful    happy    neutral    sad    surprised    average
Valid           0.6257 ↑    0.2105 ↑    0.5918 ↑    0.7758 ↑    0.5772 ↑    0.5258 ↑    0.5686 ↑    0.5536 ↑   
phase (precision)    angry    disgusted    fearful    happy    neutral    sad    surprised    average
Valid           0.6610 ↑    0.2500 ↑    0.2871 ↑    0.3689 ↑    0.5304 ↑    0.4951 ↑    0.3372 ↑    0.4185 ↑   
phase (f1)    angry    disgusted    fearful    happy    neutral    sad    surprised    average
Valid           0.6429 ↑    0.2286 ↑    0.3867 ↑    0.5000 ↑    0.5528 ↑    0.5100 ↑    0.4234 ↑    0.4635 ↑   
phase (auc)    angry    disgusted    fearful    happy    neutral    sad    surprised    average
Valid           0.8813 ↑    0.7972 ↑    0.8634 ↑    0.7926 ↑    0.7250 ↑    0.8664 ↑    0.8704 ↑    0.8280 ↑   
phase (acc)    angry    disgusted    fearful    happy    neutral    sad    surprised    average
Test            0.7011 ↑    0.9117 ↑    0.8953 ↑    0.8840 ↑    0.7125 ↑    0.8966 ↑    0.8436 ↑    0.8350 ↑   
phase (recall)    angry    disgusted    fearful    happy    neutral    sad    surprised    average
Test            0.7880 ↑    0.3284 ↑    0.5000 ↑    0.4717 ↑    0.5367 ↑    0.5263 ↑    0.3983 ↑    0.5071 ↑   
phase (precision)    angry    disgusted    fearful    happy    neutral    sad    surprised    average
Test            0.4227 ↑    0.4681 ↑    0.3735 ↑    0.5814 ↑    0.4795 ↑    0.2381 ↑    0.4700 ↑    0.4333 ↑   
phase (f1)    angry    disgusted    fearful    happy    neutral    sad    surprised    average
Test            0.5503 ↑    0.3860 ↑    0.4276 ↑    0.5208 ↑    0.5065 ↑    0.3279 ↑    0.4312 ↑    0.4500 ↑   
phase (auc)    angry    disgusted    fearful    happy    neutral    sad    surprised    average
Test            0.8128 ↑    0.8324 ↑    0.8452 ↑    0.8659 ↑    0.7525 ↑    0.8319 ↑    0.7895 ↑    0.8186 ↑   
Train thresholds:  [0.7  0.65 0.65 0.7  0.65 0.65 0.65]
Valid thresholds:  [0.7  0.7  0.65 0.65 0.7  0.7  0.7 ]
Saved best model to: ./savings/models/emotiontalk_mme2e_tv_best_epoch1.pt
=== Best performance ===
Best epoch: 1
Best test average f1: 0.450032
Total time usage = 0.08 hours.
