Start loading the data....
Start loading the EmotionTalk data....
# Train samples = 5610
# Valid samples = 840
# Test samples = 793
=== Epoch 1 ===
phase (acc)    angry    disgusted    fearful    happy    neutral    sad    surprised    average
Train           0.2578 ↑    0.1465 ↑    0.5365 ↑    0.2029 ↑    0.2148 ↑    0.6164 ↑    0.2004 ↑    0.3107 ↑   
phase (recall)    angry    disgusted    fearful    happy    neutral    sad    surprised    average
Train           0.9769 ↑    0.9787 ↑    0.5849 ↑    0.9910 ↑    1.0000 ↑    0.7477 ↑    0.9521 ↑    0.8902 ↑   
phase (precision)    angry    disgusted    fearful    happy    neutral    sad    surprised    average
Train           0.1901 ↑    0.1260 ↑    0.1066 ↑    0.1816 ↑    0.2148 ↑    0.1699 ↑    0.1250 ↑    0.1591 ↑   
phase (f1)    angry    disgusted    fearful    happy    neutral    sad    surprised    average
Train           0.3183 ↑    0.2232 ↑    0.1803 ↑    0.3069 ↑    0.3536 ↑    0.2769 ↑    0.2209 ↑    0.2686 ↑   
phase (auc)    angry    disgusted    fearful    happy    neutral    sad    surprised    average
Train           0.6491 ↑    0.5483 ↑    0.5848 ↑    0.5597 ↑    0.6099 ↑    0.7352 ↑    0.5895 ↑    0.6109 ↑   
phase (acc)    angry    disgusted    fearful    happy    neutral    sad    surprised    average
Valid           0.7643 ↑    0.0226 ↑    0.7536 ↑    0.2333 ↑    0.3238 ↑    0.6774 ↑    0.1071 ↑    0.4117 ↑   
phase (recall)    angry    disgusted    fearful    happy    neutral    sad    surprised    average
Valid           0.4332 ↑    1.0000 ↑    0.5306 ↑    1.0000 ↑    1.0000 ↑    0.5670 ↑    0.9608 ↑    0.7845 ↑   
phase (precision)    angry    disgusted    fearful    happy    neutral    sad    surprised    average
Valid           0.4682 ↑    0.0226 ↑    0.1238 ↑    0.2040 ↑    0.3238 ↑    0.1937 ↑    0.0615 ↑    0.1996 ↑   
phase (f1)    angry    disgusted    fearful    happy    neutral    sad    surprised    average
Valid           0.4500 ↑    0.0442 ↑    0.2008 ↑    0.3388 ↑    0.4892 ↑    0.2887 ↑    0.1156 ↑    0.2753 ↑   
phase (auc)    angry    disgusted    fearful    happy    neutral    sad    surprised    average
Valid           0.7081 ↑    0.5086 ↑    0.6844 ↑    0.6176 ↑    0.7201 ↑    0.6564 ↑    0.5734 ↑    0.6383 ↑   
phase (acc)    angry    disgusted    fearful    happy    neutral    sad    surprised    average
Test            0.6520 ↑    0.0845 ↑    0.7806 ↑    0.1337 ↑    0.6595 ↑    0.8134 ↑    0.2144 ↑    0.4769 ↑   
phase (recall)    angry    disgusted    fearful    happy    neutral    sad    surprised    average
Test            0.7935 ↑    1.0000 ↑    0.5161 ↑    1.0000 ↑    0.4771 ↑    0.4211 ↑    0.9915 ↑    0.7427 ↑   
phase (precision)    angry    disgusted    fearful    happy    neutral    sad    surprised    average
Test            0.3802 ↑    0.0845 ↑    0.1818 ↑    0.1337 ↑    0.4000 ↑    0.1127 ↑    0.1583 ↑    0.2073 ↑   
phase (f1)    angry    disgusted    fearful    happy    neutral    sad    surprised    average
Test            0.5141 ↑    0.1558 ↑    0.2689 ↑    0.2358 ↑    0.4351 ↑    0.1778 ↑    0.2730 ↑    0.2944 ↑   
phase (auc)    angry    disgusted    fearful    happy    neutral    sad    surprised    average
Test            0.7739 ↑    0.6163 ↑    0.7151 ↑    0.4362 ↑    0.6851 ↑    0.5993 ↑    0.6748 ↑    0.6430 ↑   
Train thresholds:  [0.6  0.6  0.6  0.6  0.05 0.6  0.6 ]
Valid thresholds:  [0.65 0.05 0.6  0.6  0.05 0.6  0.6 ]
Saved best model to: ./savings/models/emotiontalk_mme2e_a_best_epoch1.pt
=== Best performance ===
Best epoch: 1
Best test average f1: 0.294370
Total time usage = 0.08 hours.
