Start loading the data....
Start loading the EmotionTalk data....
# Train samples = 5649
# Valid samples = 840
# Test samples = 793
=== Epoch 1 ===
[WARN] Bad audio file
[WARN] Bad audio file
[WARN] Bad audio file
[WARN] Bad audio file
[WARN] Bad audio file
[WARN] Bad audio file
[WARN] Bad audio file
[WARN] Bad audio file
[WARN] Bad audio file
[WARN] Bad audio file
[WARN] Bad audio file
[WARN] Bad audio file
[WARN] Bad audio file
[WARN] Bad audio file
[WARN] Bad audio file
[WARN] Bad audio file
[WARN] Bad audio file
[WARN] Bad audio file
[WARN] Bad audio file
[WARN] Bad audio file
[WARN] Bad audio file
[WARN] Bad audio file
[WARN] Bad audio file
[WARN] Bad audio file
[WARN] Bad audio file
[WARN] Bad audio file
[WARN] Bad audio file
[WARN] Bad audio file
[WARN] Bad audio file
[WARN] Bad audio file
[WARN] Bad audio file
[WARN] Bad audio file
[WARN] Bad audio file
[WARN] Bad audio file
[WARN] Bad audio file
[WARN] Bad audio file
[WARN] Bad audio file
[WARN] Bad audio file
[WARN] Bad audio file
phase (acc)    angry    disgusted    fearful    happy    neutral    sad    surprised    average
Train           0.1922 ↑    0.2940 ↑    0.1128 ↑    0.2071 ↑    0.2917 ↑    0.0591 ↑    0.1087 ↑    0.1808 ↑   
phase (recall)    angry    disgusted    fearful    happy    neutral    sad    surprised    average
Train           0.9981 ↑    0.8037 ↑    0.9359 ↑    0.9983 ↑    1.0000 ↑    1.0000 ↑    1.0000 ↑    0.9623 ↑   
phase (precision)    angry    disgusted    fearful    happy    neutral    sad    surprised    average
Train           0.1905 ↑    0.0997 ↑    0.0500 ↑    0.2058 ↑    0.2917 ↑    0.0591 ↑    0.1087 ↑    0.1436 ↑   
phase (f1)    angry    disgusted    fearful    happy    neutral    sad    surprised    average
Train           0.3199 ↑    0.1774 ↑    0.0950 ↑    0.3412 ↑    0.4517 ↑    0.1116 ↑    0.1961 ↑    0.2418 ↑   
phase (auc)    angry    disgusted    fearful    happy    neutral    sad    surprised    average
Train           0.5135 ↑    0.5175 ↑    0.5276 ↑    0.5002 ↑    0.5115 ↑    0.5300 ↑    0.5169 ↑    0.5167 ↑   
phase (acc)    angry    disgusted    fearful    happy    neutral    sad    surprised    average
Valid           0.2226 ↑    0.0226 ↑    0.0583 ↑    0.1964 ↑    0.3238 ↑    0.1155 ↑    0.4988 ↑    0.2054 ↑   
phase (recall)    angry    disgusted    fearful    happy    neutral    sad    surprised    average
Valid           1.0000 ↑    1.0000 ↑    1.0000 ↑    1.0000 ↑    1.0000 ↑    1.0000 ↑    0.5490 ↑    0.9356 ↑   
phase (precision)    angry    disgusted    fearful    happy    neutral    sad    surprised    average
Valid           0.2226 ↑    0.0226 ↑    0.0583 ↑    0.1964 ↑    0.3238 ↑    0.1155 ↑    0.0657 ↑    0.1436 ↑   
phase (f1)    angry    disgusted    fearful    happy    neutral    sad    surprised    average
Valid           0.3642 ↑    0.0442 ↑    0.1102 ↑    0.3284 ↑    0.4892 ↑    0.2070 ↑    0.1174 ↑    0.2372 ↑   
phase (auc)    angry    disgusted    fearful    happy    neutral    sad    surprised    average
Valid           0.4090 ↑    0.6535 ↑    0.3253 ↑    0.5826 ↑    0.5694 ↑    0.6680 ↑    0.5394 ↑    0.5353 ↑   
phase (acc)    angry    disgusted    fearful    happy    neutral    sad    surprised    average
Test            0.2320 ↑    0.0845 ↑    0.0782 ↑    0.1337 ↑    0.2749 ↑    0.0479 ↑    0.1488 ↑    0.1429 ↑   
phase (recall)    angry    disgusted    fearful    happy    neutral    sad    surprised    average
Test            1.0000 ↑    1.0000 ↑    1.0000 ↑    1.0000 ↑    1.0000 ↑    1.0000 ↑    1.0000 ↑    1.0000 ↑   
phase (precision)    angry    disgusted    fearful    happy    neutral    sad    surprised    average
Test            0.2320 ↑    0.0845 ↑    0.0782 ↑    0.1337 ↑    0.2749 ↑    0.0479 ↑    0.1488 ↑    0.1429 ↑   
phase (f1)    angry    disgusted    fearful    happy    neutral    sad    surprised    average
Test            0.3767 ↑    0.1558 ↑    0.1450 ↑    0.2358 ↑    0.4313 ↑    0.0915 ↑    0.2591 ↑    0.2422 ↑   
phase (auc)    angry    disgusted    fearful    happy    neutral    sad    surprised    average
Test            0.5700 ↑    0.6201 ↑    0.5673 ↑    0.5972 ↑    0.4344 ↑    0.4921 ↑    0.5026 ↑    0.5405 ↑   
Train thresholds:  [0.55 0.6  0.55 0.6  0.05 0.05 0.05]
Valid thresholds:  [0.05 0.05 0.05 0.05 0.05 0.05 0.65]
Saved best model to: ./savings/models/emotiontalk_mme2e_v_best_epoch1.pt
=== Best performance ===
Best epoch: 1
Best test average f1: 0.242156
Total time usage = 0.07 hours.
