Start loading the data....
Start loading the EmotionTalk data....
# Train samples = 5649
# Valid samples = 840
# Test samples = 793
=== Epoch 1 ===
[WARN] Bad audio file
[WARN] Bad audio file
[WARN] Bad audio file
[WARN] Bad audio file
[WARN] Bad audio file
[WARN] Bad audio file
[WARN] Bad audio file
[WARN] Bad audio file
[WARN] Bad audio file
[WARN] Bad audio file
[WARN] Bad audio file
[WARN] Bad audio file
[WARN] Bad audio file
[WARN] Bad audio file
[WARN] Bad audio file
[WARN] Bad audio file
[WARN] Bad audio file
[WARN] Bad audio file
[WARN] Bad audio file
[WARN] Bad audio file
[WARN] Bad audio file
[WARN] Bad audio file
[WARN] Bad audio file
[WARN] Bad audio file
[WARN] Bad audio file
[WARN] Bad audio file
[WARN] Bad audio file
[WARN] Bad audio file
[WARN] Bad audio file
[WARN] Bad audio file
[WARN] Bad audio file
[WARN] Bad audio file
[WARN] Bad audio file
[WARN] Bad audio file
[WARN] Bad audio file
[WARN] Bad audio file
[WARN] Bad audio file
[WARN] Bad audio file
[WARN] Bad audio file
phase (acc)    angry    disgusted    fearful    happy    neutral    sad    surprised    average
Train           0.8460 ↑    0.7787 ↑    0.9303 ↑    0.5796 ↑    0.3875 ↑    0.9051 ↑    0.7716 ↑    0.7427 ↑   
phase (recall)    angry    disgusted    fearful    happy    neutral    sad    surprised    average
Train           0.4809 ↑    0.4710 ↑    0.3416 ↑    0.7866 ↑    0.9363 ↑    0.4132 ↑    0.5228 ↑    0.5646 ↑   
phase (precision)    angry    disgusted    fearful    happy    neutral    sad    surprised    average
Train           0.6236 ↑    0.2067 ↑    0.3148 ↑    0.3006 ↑    0.3150 ↑    0.2887 ↑    0.2436 ↑    0.3276 ↑   
phase (f1)    angry    disgusted    fearful    happy    neutral    sad    surprised    average
Train           0.5431 ↑    0.2873 ↑    0.3276 ↑    0.4349 ↑    0.4714 ↑    0.3399 ↑    0.3323 ↑    0.3909 ↑   
phase (auc)    angry    disgusted    fearful    happy    neutral    sad    surprised    average
Train           0.8295 ↑    0.6996 ↑    0.7958 ↑    0.7383 ↑    0.6537 ↑    0.8069 ↑    0.7247 ↑    0.7498 ↑   
phase (acc)    angry    disgusted    fearful    happy    neutral    sad    surprised    average
Valid           0.7881 ↑    0.9762 ↑    0.8929 ↑    0.7310 ↑    0.4083 ↑    0.8940 ↑    0.8357 ↑    0.7895 ↑   
phase (recall)    angry    disgusted    fearful    happy    neutral    sad    surprised    average
Valid           0.8021 ↑    0.1053 ↑    0.5306 ↑    0.7152 ↑    0.9375 ↑    0.4742 ↑    0.7451 ↑    0.6157 ↑   
phase (precision)    angry    disgusted    fearful    happy    neutral    sad    surprised    average
Valid           0.5155 ↑    0.4000 ↑    0.2796 ↑    0.3973 ↑    0.3469 ↑    0.5476 ↑    0.2331 ↑    0.3886 ↑   
phase (f1)    angry    disgusted    fearful    happy    neutral    sad    surprised    average
Valid           0.6276 ↑    0.1667 ↑    0.3662 ↑    0.5108 ↑    0.5065 ↑    0.5083 ↑    0.3551 ↑    0.4345 ↑   
phase (auc)    angry    disgusted    fearful    happy    neutral    sad    surprised    average
Valid           0.8817 ↑    0.7400 ↑    0.8782 ↑    0.7809 ↑    0.6745 ↑    0.8617 ↑    0.8666 ↑    0.8120 ↑   
phase (acc)    angry    disgusted    fearful    happy    neutral    sad    surprised    average
Test            0.6633 ↑    0.8689 ↑    0.8815 ↑    0.7011 ↑    0.3619 ↑    0.9218 ↑    0.7768 ↑    0.7393 ↑   
phase (recall)    angry    disgusted    fearful    happy    neutral    sad    surprised    average
Test            0.7880 ↑    0.5075 ↑    0.4677 ↑    0.7736 ↑    0.9679 ↑    0.4211 ↑    0.5254 ↑    0.6359 ↑   
phase (precision)    angry    disgusted    fearful    happy    neutral    sad    surprised    average
Test            0.3887 ↑    0.3238 ↑    0.3222 ↑    0.2780 ↑    0.2972 ↑    0.2857 ↑    0.3388 ↑    0.3192 ↑   
phase (f1)    angry    disgusted    fearful    happy    neutral    sad    surprised    average
Test            0.5206 ↑    0.3953 ↑    0.3816 ↑    0.4090 ↑    0.4547 ↑    0.3404 ↑    0.4120 ↑    0.4162 ↑   
phase (auc)    angry    disgusted    fearful    happy    neutral    sad    surprised    average
Test            0.7709 ↑    0.7732 ↑    0.8103 ↑    0.8112 ↑    0.6987 ↑    0.8272 ↑    0.7588 ↑    0.7786 ↑   
Train thresholds:  [0.7  0.65 0.65 0.65 0.65 0.65 0.65]
Valid thresholds:  [0.65 0.7  0.65 0.7  0.65 0.7  0.65]
Saved best model to: ./savings/models/emotiontalk_mme2e_tav_best_epoch1.pt
=== Best performance ===
Best epoch: 1
Best test average f1: 0.416240
Total time usage = 0.09 hours.
