Start loading the data....
Start loading the EmotionTalk data....
# Train samples = 5649
# Valid samples = 840
# Test samples = 793
=== Epoch 1 ===
[WARN] Bad audio file
[WARN] Bad audio file
[WARN] Bad audio file
[WARN] Bad audio file
[WARN] Bad audio file
[WARN] Bad audio file
[WARN] Bad audio file
[WARN] Bad audio file
[WARN] Bad audio file
[WARN] Bad audio file
[WARN] Bad audio file
[WARN] Bad audio file
[WARN] Bad audio file
[WARN] Bad audio file
[WARN] Bad audio file
[WARN] Bad audio file
[WARN] Bad audio file
[WARN] Bad audio file
[WARN] Bad audio file
[WARN] Bad audio file
[WARN] Bad audio file
[WARN] Bad audio file
[WARN] Bad audio file
[WARN] Bad audio file
[WARN] Bad audio file
[WARN] Bad audio file
[WARN] Bad audio file
[WARN] Bad audio file
[WARN] Bad audio file
[WARN] Bad audio file
[WARN] Bad audio file
[WARN] Bad audio file
[WARN] Bad audio file
[WARN] Bad audio file
[WARN] Bad audio file
[WARN] Bad audio file
[WARN] Bad audio file
[WARN] Bad audio file
[WARN] Bad audio file
phase (acc)    angry    disgusted    fearful    happy    neutral    sad    surprised    average
Train           0.8173 ↑    0.7987 ↑    0.9418 ↑    0.7727 ↑    0.4753 ↑    0.9278 ↑    0.8040 ↑    0.7911 ↑   
phase (recall)    angry    disgusted    fearful    happy    neutral    sad    surprised    average
Train           0.5758 ↑    0.4561 ↑    0.2883 ↑    0.4535 ↑    0.8592 ↑    0.2665 ↑    0.4642 ↑    0.4805 ↑   
phase (precision)    angry    disgusted    fearful    happy    neutral    sad    surprised    average
Train           0.5180 ↑    0.2239 ↑    0.3857 ↑    0.4481 ↑    0.3414 ↑    0.3532 ↑    0.2681 ↑    0.3626 ↑   
phase (f1)    angry    disgusted    fearful    happy    neutral    sad    surprised    average
Train           0.5454 ↑    0.3003 ↑    0.3299 ↑    0.4508 ↑    0.4886 ↑    0.3038 ↑    0.3399 ↑    0.3941 ↑   
phase (auc)    angry    disgusted    fearful    happy    neutral    sad    surprised    average
Train           0.8238 ↑    0.7090 ↑    0.7985 ↑    0.7423 ↑    0.6514 ↑    0.8194 ↑    0.7309 ↑    0.7536 ↑   
phase (acc)    angry    disgusted    fearful    happy    neutral    sad    surprised    average
Valid           0.8405 ↑    0.8964 ↑    0.8750 ↑    0.7500 ↑    0.5798 ↑    0.8952 ↑    0.8607 ↑    0.8139 ↑   
phase (recall)    angry    disgusted    fearful    happy    neutral    sad    surprised    average
Valid           0.6364 ↑    0.5263 ↑    0.6939 ↑    0.6788 ↑    0.8456 ↑    0.5155 ↑    0.5098 ↑    0.6295 ↑   
phase (precision)    angry    disgusted    fearful    happy    neutral    sad    surprised    average
Valid           0.6432 ↑    0.1136 ↑    0.2742 ↑    0.4164 ↑    0.4251 ↑    0.5495 ↑    0.2203 ↑    0.3775 ↑   
phase (f1)    angry    disgusted    fearful    happy    neutral    sad    surprised    average
Valid           0.6398 ↑    0.1869 ↑    0.3931 ↑    0.5161 ↑    0.5658 ↑    0.5319 ↑    0.3077 ↑    0.4488 ↑   
phase (auc)    angry    disgusted    fearful    happy    neutral    sad    surprised    average
Valid           0.8801 ↑    0.7475 ↑    0.9180 ↑    0.7896 ↑    0.7131 ↑    0.8610 ↑    0.8589 ↑    0.8240 ↑   
phase (acc)    angry    disgusted    fearful    happy    neutral    sad    surprised    average
Test            0.6784 ↑    0.8474 ↑    0.9155 ↑    0.8966 ↑    0.5082 ↑    0.9067 ↑    0.8108 ↑    0.7948 ↑   
phase (recall)    angry    disgusted    fearful    happy    neutral    sad    surprised    average
Test            0.8152 ↑    0.4925 ↑    0.3710 ↑    0.3302 ↑    0.9083 ↑    0.5263 ↑    0.5678 ↑    0.5730 ↑   
phase (precision)    angry    disgusted    fearful    happy    neutral    sad    surprised    average
Test            0.4043 ↑    0.2750 ↑    0.4510 ↑    0.7609 ↑    0.3486 ↑    0.2632 ↑    0.4036 ↑    0.4152 ↑   
phase (f1)    angry    disgusted    fearful    happy    neutral    sad    surprised    average
Test            0.5405 ↑    0.3529 ↑    0.4071 ↑    0.4605 ↑    0.5038 ↑    0.3509 ↑    0.4718 ↑    0.4411 ↑   
phase (auc)    angry    disgusted    fearful    happy    neutral    sad    surprised    average
Test            0.7901 ↑    0.7693 ↑    0.7865 ↑    0.8444 ↑    0.7315 ↑    0.7962 ↑    0.8205 ↑    0.7912 ↑   
Train thresholds:  [0.65 0.65 0.7  0.65 0.6  0.7  0.65]
Valid thresholds:  [0.65 0.65 0.65 0.65 0.6  0.7  0.65]
Saved best model to: ./savings/models/emotiontalk_mme2e_tav_best_epoch1.pt
=== Best performance ===
Best epoch: 1
Best test average f1: 0.441088
Total time usage = 0.09 hours.
